1589356879838	mozrunner::runner	INFO	Running command: "C:\\Program Files (x86)\\Mozilla Firefox\\firefox.exe" "-marionette" "-foreground" "-no-remote" "-profile" "C:\\Users\\win7\\AppData\\Local\\Temp\\rust_mozprofileZxsFlg"
1589356880469	addons.webextension.doh-rollout@mozilla.org	WARN	Loading extension 'doh-rollout@mozilla.org': Reading manifest: Invalid extension permission: networkStatus
1589356880526	addons.webextension.screenshots@mozilla.org	WARN	Loading extension 'screenshots@mozilla.org': Reading manifest: Invalid extension permission: mozillaAddons
1589356880526	addons.webextension.screenshots@mozilla.org	WARN	Loading extension 'screenshots@mozilla.org': Reading manifest: Invalid extension permission: telemetry
1589356880527	addons.webextension.screenshots@mozilla.org	WARN	Loading extension 'screenshots@mozilla.org': Reading manifest: Invalid extension permission: resource://pdf.js/
1589356880527	addons.webextension.screenshots@mozilla.org	WARN	Loading extension 'screenshots@mozilla.org': Reading manifest: Invalid extension permission: about:reader*
JavaScript error: resource://gre/modules/XULStore.jsm, line 66: Error: Can't find profile directory.
1589356884058	Marionette	INFO	Listening on port 54739
1589356884226	Marionette	WARN	TLS certificate errors will be ignored for this session
JavaScript error: https://twitter.com/explore, line 148: ChunkLoadError: Loading chunk 208 failed.
(error: https://abs.twimg.com/responsive-web/web/ondemand.EmojiPicker.1f8deb84.js)
JavaScript error: https://abs.twimg.com/responsive-web/web/vendors~main.93a9dde4.js, line 57: Error: invariant(...): Second argument must be a string.
JavaScript error: https://abs.twimg.com/responsive-web/web/bundle.RichTextCompose.b8d9d374.js, line 9: Error: Got unexpected null or undefined
JavaScript error: https://abs.twimg.com/responsive-web/web/bundle.RichTextCompose.b8d9d374.js, line 9: Error: Got unexpected null or undefined
JavaScript error: https://abs.twimg.com/responsive-web/web/bundle.RichTextCompose.b8d9d374.js, line 9: Error: Got unexpected null or undefined
JavaScript error: https://abs.twimg.com/responsive-web/web/bundle.RichTextCompose.b8d9d374.js, line 9: Error: Got unexpected null or undefined
JavaScript error: https://abs.twimg.com/responsive-web/web/bundle.RichTextCompose.b8d9d374.js, line 9: Error: Got unexpected null or undefined
JavaScript error: https://abs.twimg.com/responsive-web/web/bundle.RichTextCompose.b8d9d374.js, line 9: Error: Got unexpected null or undefined
JavaScript error: https://abs.twimg.com/responsive-web/web/bundle.RichTextCompose.b8d9d374.js, line 9: Error: Got unexpected null or undefined
JavaScript error: https://abs.twimg.com/responsive-web/web/bundle.RichTextCompose.b8d9d374.js, line 9: Error: Got unexpected null or undefined
JavaScript error: https://abs.twimg.com/responsive-web/web/bundle.RichTextCompose.b8d9d374.js, line 9: Error: Got unexpected null or undefined
JavaScript error: https://abs.twimg.com/responsive-web/web/bundle.RichTextCompose.b8d9d374.js, line 9: Error: Got unexpected null or undefined
JavaScript error: https://abs.twimg.com/responsive-web/web/bundle.RichTextCompose.b8d9d374.js, line 9: Error: Got unexpected null or undefined
JavaScript error: https://abs.twimg.com/responsive-web/web/bundle.RichTextCompose.b8d9d374.js, line 9: Error: Got unexpected null or undefined
JavaScript error: https://abs.twimg.com/responsive-web/web/bundle.RichTextCompose.b8d9d374.js, line 9: Error: Got unexpected null or undefined
JavaScript error: https://abs.twimg.com/responsive-web/web/bundle.RichTextCompose.b8d9d374.js, line 9: Error: Got unexpected null or undefined
JavaScript error: https://abs.twimg.com/responsive-web/web/bundle.RichTextCompose.b8d9d374.js, line 9: Error: Got unexpected null or undefined
JavaScript error: https://abs.twimg.com/responsive-web/web/bundle.RichTextCompose.b8d9d374.js, line 9: Error: Got unexpected null or undefined
JavaScript error: https://abs.twimg.com/responsive-web/web/bundle.RichTextCompose.b8d9d374.js, line 9: Error: Got unexpected null or undefined
JavaScript error: https://abs.twimg.com/responsive-web/web/bundle.RichTextCompose.b8d9d374.js, line 9: Error: Got unexpected null or undefined
IPDL protocol error: Handler returned error code!

###!!! [Parent][DispatchAsyncMessage] Error: PLayerTransaction::Msg_ReleaseLayer Processing error: message was deserialized, but the handler returned false (indicating failure)

IPDL protocol error: Handler returned error code!

###!!! [Parent][DispatchAsyncMessage] Error: PLayerTransaction::Msg_ReleaseLayer Processing error: message was deserialized, but the handler returned false (indicating failure)

IPDL protocol error: Handler returned error code!

###!!! [Parent][DispatchAsyncMessage] Error: PLayerTransaction::Msg_ReleaseLayer Processing error: message was deserialized, but the handler returned false (indicating failure)

IPDL protocol error: Handler returned error code!

###!!! [Parent][DispatchAsyncMessage] Error: PLayerTransaction::Msg_ReleaseLayer Processing error: message was deserialized, but the handler returned false (indicating failure)

IPDL protocol error: Handler returned error code!

###!!! [Parent][DispatchAsyncMessage] Error: PLayerTransaction::Msg_ReleaseLayer Processing error: message was deserialized, but the handler returned false (indicating failure)

1589357070739	Marionette	INFO	Stopped listening on port 54739
