1589356519049	mozrunner::runner	INFO	Running command: "C:\\Program Files (x86)\\Mozilla Firefox\\firefox.exe" "-marionette" "-foreground" "-no-remote" "-profile" "C:\\Users\\win7\\AppData\\Local\\Temp\\rust_mozprofileosDKHA"
1589356519809	addons.webextension.doh-rollout@mozilla.org	WARN	Loading extension 'doh-rollout@mozilla.org': Reading manifest: Invalid extension permission: networkStatus
1589356519880	addons.webextension.screenshots@mozilla.org	WARN	Loading extension 'screenshots@mozilla.org': Reading manifest: Invalid extension permission: mozillaAddons
1589356519880	addons.webextension.screenshots@mozilla.org	WARN	Loading extension 'screenshots@mozilla.org': Reading manifest: Invalid extension permission: telemetry
1589356519881	addons.webextension.screenshots@mozilla.org	WARN	Loading extension 'screenshots@mozilla.org': Reading manifest: Invalid extension permission: resource://pdf.js/
1589356519881	addons.webextension.screenshots@mozilla.org	WARN	Loading extension 'screenshots@mozilla.org': Reading manifest: Invalid extension permission: about:reader*
JavaScript error: resource://gre/modules/XULStore.jsm, line 66: Error: Can't find profile directory.
1589356524096	Marionette	INFO	Listening on port 54567
1589356524143	Marionette	WARN	TLS certificate errors will be ignored for this session
1589356552091	Marionette	WARN	TimedPromise timed out after 500 ms: stacktrace:
TimedPromise/<@chrome://marionette/content/sync.js:245:13
TimedPromise@chrome://marionette/content/sync.js:230:10
interaction.flushEventLoop@chrome://marionette/content/interaction.js:416:10
webdriverClickElement@chrome://marionette/content/interaction.js:182:31
JavaScript error: https://abs.twimg.com/responsive-web/web/vendors~main.93a9dde4.js, line 57: Error: invariant(...): Second argument must be a string.
JavaScript error: https://abs.twimg.com/responsive-web/web/bundle.RichTextCompose.b8d9d374.js, line 9: Error: Got unexpected null or undefined
JavaScript error: https://abs.twimg.com/responsive-web/web/bundle.RichTextCompose.b8d9d374.js, line 9: Error: Got unexpected null or undefined
JavaScript error: https://abs.twimg.com/responsive-web/web/bundle.RichTextCompose.b8d9d374.js, line 9: Error: Got unexpected null or undefined
JavaScript error: https://abs.twimg.com/responsive-web/web/bundle.RichTextCompose.b8d9d374.js, line 9: Error: Got unexpected null or undefined
JavaScript error: https://abs.twimg.com/responsive-web/web/bundle.RichTextCompose.b8d9d374.js, line 9: Error: Got unexpected null or undefined
JavaScript error: https://abs.twimg.com/responsive-web/web/bundle.RichTextCompose.b8d9d374.js, line 9: Error: Got unexpected null or undefined
JavaScript error: https://abs.twimg.com/responsive-web/web/bundle.RichTextCompose.b8d9d374.js, line 9: Error: Got unexpected null or undefined
JavaScript error: https://abs.twimg.com/responsive-web/web/bundle.RichTextCompose.b8d9d374.js, line 9: Error: Got unexpected null or undefined
JavaScript error: https://abs.twimg.com/responsive-web/web/bundle.RichTextCompose.b8d9d374.js, line 9: Error: Got unexpected null or undefined
JavaScript error: https://abs.twimg.com/responsive-web/web/bundle.RichTextCompose.b8d9d374.js, line 9: Error: Got unexpected null or undefined
JavaScript error: https://abs.twimg.com/responsive-web/web/bundle.RichTextCompose.b8d9d374.js, line 9: Error: Got unexpected null or undefined
JavaScript error: https://abs.twimg.com/responsive-web/web/bundle.RichTextCompose.b8d9d374.js, line 9: Error: Got unexpected null or undefined
JavaScript error: https://abs.twimg.com/responsive-web/web/bundle.RichTextCompose.b8d9d374.js, line 9: Error: Got unexpected null or undefined
JavaScript error: https://abs.twimg.com/responsive-web/web/bundle.RichTextCompose.b8d9d374.js, line 9: Error: Got unexpected null or undefined
JavaScript error: https://abs.twimg.com/responsive-web/web/bundle.RichTextCompose.b8d9d374.js, line 9: Error: Got unexpected null or undefined
JavaScript error: https://abs.twimg.com/responsive-web/web/bundle.RichTextCompose.b8d9d374.js, line 9: Error: Got unexpected null or undefined
JavaScript error: https://abs.twimg.com/responsive-web/web/bundle.RichTextCompose.b8d9d374.js, line 9: Error: Got unexpected null or undefined
JavaScript error: https://abs.twimg.com/responsive-web/web/bundle.RichTextCompose.b8d9d374.js, line 9: Error: Got unexpected null or undefined
1589356584523	Marionette	INFO	Stopped listening on port 54567
